Initiating legacy licensing moduleDesktop is 1920 x 1080 @ 60 Hz
[Package Manager] Server::Start -- Port 52516 was selected
npm ERR! extraneous: unityeditor-collab-history@0.6.15-fix-history-revisions.1 /home/xenose/.local/share/unity3d/Packages/node_modules/unityeditor-collab-history
ListPackages failed, output: {
  "name": "unity-editor",
  "version": "5.7.0",
  "problems": [
    "extraneous: unityeditor-collab-history@0.6.15-fix-history-revisions.1 /home/xenose/.local/share/unity3d/Packages/node_modules/unityeditor-collab-history"
  ],
  "dependencies": {
    "unityeditor-collab-history": {
      "version": "0.6.15-fix-history-revisions.1",
      "extraneous": true,
      "problems": [
        "extraneous: unityeditor-collab-history@0.6.15-fix-history-revisions.1 /home/xenose/.local/share/unity3d/Packages/node_modules/unityeditor-collab-history"
      ],
      "from": "unityeditor-collab-history-0.6.15-fix-history-revisions.1.tgz",
      "resolved": "file:unityeditor-collab-history-0.6.15-fix-history-revisions.1.tgz"
    },
    "unity-editor-home": {
      "version": "2.2.1",
      "from": "unity-editor-home.2.2.1.tgz",
      "resolved": "file:unity-editor-home.2.2.1.tgz"
    },
    "unityeditor-cloud-hub": {
      "version": "0.0.15",
      "from": "unityeditor-cloud-hub-0.0.15.tgz",
      "resolved": "file:unityeditor-cloud-hub-0.0.15.tgz"
    },
    "unityeditor-collab-toolbar": {
      "version": "0.7.16",
      "from": "unityeditor-collab-toolbar.0.7.16.tgz",
      "resolved": "file:unityeditor-collab-toolbar.0.7.16.tgz"
    }
  }
}


 COMMAND LINE ARGUMENTS:
/home/xenose/Unity/Hub/Editor/2018.3.6f1/Editor/Unity
-projectpath
/home/xenose/documents/unity/BlindMan
-useHub
-hubIPC
-cloudEnvironment
production
-hubSessionId
4fbc33b0-35a9-11e9-8d76-3db9c95c6621

LICENSE SYSTEM [2019221 16:21:42] Next license update check is after 2019-02-22T06:31:36

Successfully changed project path to: /home/xenose/documents/unity/BlindMan
/home/xenose/documents/unity/BlindMan
Using Asset Import Pipeline V1.
Initiating legacy licensing moduleLoading GUID <-> Path mappings...0.000110 seconds
Loading Asset Database...0.018299 seconds
Build target: OSXUniversal found and added!
Build target: WindowsStoreApps found and added!
Build target: Win64 found and added!
Build target: Win found and added!
Build target: LinuxUniversal found and added!
Build target: Linux64 found and added!
Build target: Linux found and added!
Build target: iOS found and added!
Build target: tvOS found and added!
Build target: PS4 found and added!
Build target: XboxOne found and added!
Build target: Android found and added!
Build target: WebGL found and added!
Build target: Switch found and added!
Build target: Lumin found and added!
Build target: PSM found and added!
Build target: PSP2 found and added!
Build target: WiiU found and added!
Build target: Web found and added!
Build target: WebStreamed found and added!
Build target: OSXIntel found and added!
Build target: OSXIntel64 found and added!
Build target: BlackBerry found and added!
Build target: PS3 found and added!
Build target: N3DS found and added!
Build target: WP8 found and added!
Build target: SamsungTV found and added!
Build target: Tizen found and added!
AssetDatabase consistency checks...0.099254 seconds
Refreshing native plugins compatible for Editor in 35.50 ms, found 0 plugins.
Preloading 0 native plugins for Editor in 0.00 ms.
[Package Manager] Done resolving packages in 0.38s seconds
[Package Manager] Registering 36 packages:
[Package Manager]  * Package :  com.unity.ads@2.0.8
    (location: /home/xenose/documents/unity/BlindMan/Library/PackageCache/com.unity.ads@2.0.8)
[Package Manager]  * Package :  com.unity.analytics@3.2.2
    (location: /home/xenose/documents/unity/BlindMan/Library/PackageCache/com.unity.analytics@3.2.2)
[Package Manager]  * Package :  com.unity.collab-proxy@1.2.15
    (location: /home/xenose/documents/unity/BlindMan/Library/PackageCache/com.unity.collab-proxy@1.2.15)
[Package Manager]  * Package :  com.unity.package-manager-ui@2.0.3
    (location: /home/xenose/documents/unity/BlindMan/Library/PackageCache/com.unity.package-manager-ui@2.0.3)
[Package Manager]  * Package :  com.unity.purchasing@2.0.3
    (location: /home/xenose/documents/unity/BlindMan/Library/PackageCache/com.unity.purchasing@2.0.3)
[Package Manager]  * Package :  com.unity.textmeshpro@1.3.0
    (location: /home/xenose/documents/unity/BlindMan/Library/PackageCache/com.unity.textmeshpro@1.3.0)
[Package Manager]  * Package :  com.unity.modules.ai@1.0.0
    (location: /home/xenose/Unity/Hub/Editor/2018.3.6f1/Editor/Data/Resources/PackageManager/BuiltInPackages/com.unity.modules.ai)
[Package Manager]  * Package :  com.unity.modules.animation@1.0.0
    (location: /home/xenose/Unity/Hub/Editor/2018.3.6f1/Editor/Data/Resources/PackageManager/BuiltInPackages/com.unity.modules.animation)
[Package Manager]  * Package :  com.unity.modules.assetbundle@1.0.0
    (location: /home/xenose/Unity/Hub/Editor/2018.3.6f1/Editor/Data/Resources/PackageManager/BuiltInPackages/com.unity.modules.assetbundle)
[Package Manager]  * Package :  com.unity.modules.audio@1.0.0
    (location: /home/xenose/Unity/Hub/Editor/2018.3.6f1/Editor/Data/Resources/PackageManager/BuiltInPackages/com.unity.modules.audio)
[Package Manager]  * Package :  com.unity.modules.cloth@1.0.0
    (location: /home/xenose/Unity/Hub/Editor/2018.3.6f1/Editor/Data/Resources/PackageManager/BuiltInPackages/com.unity.modules.cloth)
[Package Manager]  * Package :  com.unity.modules.director@1.0.0
    (location: /home/xenose/Unity/Hub/Editor/2018.3.6f1/Editor/Data/Resources/PackageManager/BuiltInPackages/com.unity.modules.director)
[Package Manager]  * Package :  com.unity.modules.imageconversion@1.0.0
    (location: /home/xenose/Unity/Hub/Editor/2018.3.6f1/Editor/Data/Resources/PackageManager/BuiltInPackages/com.unity.modules.imageconversion)
[Package Manager]  * Package :  com.unity.modules.imgui@1.0.0
    (location: /home/xenose/Unity/Hub/Editor/2018.3.6f1/Editor/Data/Resources/PackageManager/BuiltInPackages/com.unity.modules.imgui)
[Package Manager]  * Package :  com.unity.modules.jsonserialize@1.0.0
    (location: /home/xenose/Unity/Hub/Editor/2018.3.6f1/Editor/Data/Resources/PackageManager/BuiltInPackages/com.unity.modules.jsonserialize)
[Package Manager]  * Package :  com.unity.modules.particlesystem@1.0.0
    (location: /home/xenose/Unity/Hub/Editor/2018.3.6f1/Editor/Data/Resources/PackageManager/BuiltInPackages/com.unity.modules.particlesystem)
[Package Manager]  * Package :  com.unity.modules.physics@1.0.0
    (location: /home/xenose/Unity/Hub/Editor/2018.3.6f1/Editor/Data/Resources/PackageManager/BuiltInPackages/com.unity.modules.physics)
[Package Manager]  * Package :  com.unity.modules.physics2d@1.0.0
    (location: /home/xenose/Unity/Hub/Editor/2018.3.6f1/Editor/Data/Resources/PackageManager/BuiltInPackages/com.unity.modules.physics2d)
[Package Manager]  * Package :  com.unity.modules.screencapture@1.0.0
    (location: /home/xenose/Unity/Hub/Editor/2018.3.6f1/Editor/Data/Resources/PackageManager/BuiltInPackages/com.unity.modules.screencapture)
[Package Manager]  * Package :  com.unity.modules.terrain@1.0.0
    (location: /home/xenose/Unity/Hub/Editor/2018.3.6f1/Editor/Data/Resources/PackageManager/BuiltInPackages/com.unity.modules.terrain)
[Package Manager]  * Package :  com.unity.modules.terrainphysics@1.0.0
    (location: /home/xenose/Unity/Hub/Editor/2018.3.6f1/Editor/Data/Resources/PackageManager/BuiltInPackages/com.unity.modules.terrainphysics)
[Package Manager]  * Package :  com.unity.modules.tilemap@1.0.0
    (location: /home/xenose/Unity/Hub/Editor/2018.3.6f1/Editor/Data/Resources/PackageManager/BuiltInPackages/com.unity.modules.tilemap)
[Package Manager]  * Package :  com.unity.modules.ui@1.0.0
    (location: /home/xenose/Unity/Hub/Editor/2018.3.6f1/Editor/Data/Resources/PackageManager/BuiltInPackages/com.unity.modules.ui)
[Package Manager]  * Package :  com.unity.modules.uielements@1.0.0
    (location: /home/xenose/Unity/Hub/Editor/2018.3.6f1/Editor/Data/Resources/PackageManager/BuiltInPackages/com.unity.modules.uielements)
[Package Manager]  * Package :  com.unity.modules.umbra@1.0.0
    (location: /home/xenose/Unity/Hub/Editor/2018.3.6f1/Editor/Data/Resources/PackageManager/BuiltInPackages/com.unity.modules.umbra)
[Package Manager]  * Package :  com.unity.modules.unityanalytics@1.0.0
    (location: /home/xenose/Unity/Hub/Editor/2018.3.6f1/Editor/Data/Resources/PackageManager/BuiltInPackages/com.unity.modules.unityanalytics)
[Package Manager]  * Package :  com.unity.modules.unitywebrequest@1.0.0
    (location: /home/xenose/Unity/Hub/Editor/2018.3.6f1/Editor/Data/Resources/PackageManager/BuiltInPackages/com.unity.modules.unitywebrequest)
[Package Manager]  * Package :  com.unity.modules.unitywebrequestassetbundle@1.0.0
    (location: /home/xenose/Unity/Hub/Editor/2018.3.6f1/Editor/Data/Resources/PackageManager/BuiltInPackages/com.unity.modules.unitywebrequestassetbundle)
[Package Manager]  * Package :  com.unity.modules.unitywebrequestaudio@1.0.0
    (location: /home/xenose/Unity/Hub/Editor/2018.3.6f1/Editor/Data/Resources/PackageManager/BuiltInPackages/com.unity.modules.unitywebrequestaudio)
[Package Manager]  * Package :  com.unity.modules.unitywebrequesttexture@1.0.0
    (location: /home/xenose/Unity/Hub/Editor/2018.3.6f1/Editor/Data/Resources/PackageManager/BuiltInPackages/com.unity.modules.unitywebrequesttexture)
[Package Manager]  * Package :  com.unity.modules.unitywebrequestwww@1.0.0
    (location: /home/xenose/Unity/Hub/Editor/2018.3.6f1/Editor/Data/Resources/PackageManager/BuiltInPackages/com.unity.modules.unitywebrequestwww)
[Package Manager]  * Package :  com.unity.modules.vehicles@1.0.0
    (location: /home/xenose/Unity/Hub/Editor/2018.3.6f1/Editor/Data/Resources/PackageManager/BuiltInPackages/com.unity.modules.vehicles)
[Package Manager]  * Package :  com.unity.modules.video@1.0.0
    (location: /home/xenose/Unity/Hub/Editor/2018.3.6f1/Editor/Data/Resources/PackageManager/BuiltInPackages/com.unity.modules.video)
[Package Manager]  * Package :  com.unity.modules.vr@1.0.0
    (location: /home/xenose/Unity/Hub/Editor/2018.3.6f1/Editor/Data/Resources/PackageManager/BuiltInPackages/com.unity.modules.vr)
[Package Manager]  * Package :  com.unity.modules.wind@1.0.0
    (location: /home/xenose/Unity/Hub/Editor/2018.3.6f1/Editor/Data/Resources/PackageManager/BuiltInPackages/com.unity.modules.wind)
[Package Manager]  * Package :  com.unity.modules.xr@1.0.0
    (location: /home/xenose/Unity/Hub/Editor/2018.3.6f1/Editor/Data/Resources/PackageManager/BuiltInPackages/com.unity.modules.xr)
[Package Manager] Done registering packages in 0.03s seconds
IsTimeToCheckForNewEditor: Update time 0 current 1550733703
Initialize engine version: 2018.3.6f1 (a220877bc173)
GLX Extensions: GLX_ARB_create_context GLX_ARB_create_context_profile GLX_ARB_create_context_robustness GLX_ARB_fbconfig_float GLX_ARB_framebuffer_sRGB GLX_ARB_get_proc_address GLX_ARB_multisample GLX_EXT_buffer_age GLX_EXT_create_context_es2_profile GLX_EXT_create_context_es_profile GLX_EXT_fbconfig_packed_float GLX_EXT_framebuffer_sRGB GLX_EXT_import_context GLX_EXT_texture_from_pixmap GLX_EXT_visual_info GLX_EXT_visual_rating GLX_INTEL_swap_event GLX_MESA_copy_sub_buffer GLX_MESA_query_renderer GLX_MESA_swap_control GLX_OML_swap_method GLX_OML_sync_control GLX_SGIS_multisample GLX_SGIX_fbconfig GLX_SGIX_pbuffer GLX_SGIX_visual_select_group GLX_SGI_make_current_read GLX_SGI_swap_control GLX_SGI_video_sync 
Renderer: AMD Radeon R7 Graphics (CARRIZO, DRM 3.27.0, 4.20.10-arch1-1-ARCH, LLVM 7.0.1)
Vendor:   X.Org
Version:  4.5 (Core Profile) Mesa 18.3.3
GLES:     0
 GL_AMD_conservative_depth GL_AMD_depth_clamp_separate GL_AMD_draw_buffers_blend GL_AMD_framebuffer_multisample_advanced GL_AMD_gpu_shader_int64 GL_AMD_multi_draw_indirect GL_AMD_performance_monitor GL_AMD_pinned_memory GL_AMD_query_buffer_object GL_AMD_seamless_cubemap_per_texture GL_AMD_shader_stencil_export GL_AMD_shader_trinary_minmax GL_AMD_vertex_shader_layer GL_AMD_vertex_shader_viewport_index GL_ANGLE_texture_compression_dxt3 GL_ANGLE_texture_compression_dxt5 GL_ARB_ES2_compatibility GL_ARB_ES3_1_compatibility GL_ARB_ES3_2_compatibility GL_ARB_ES3_compatibility GL_ARB_arrays_of_arrays GL_ARB_base_instance GL_ARB_bindless_texture GL_ARB_blend_func_extended GL_ARB_buffer_storage GL_ARB_clear_buffer_object GL_ARB_clear_texture GL_ARB_clip_control GL_ARB_color_buffer_float GL_ARB_compressed_texture_pixel_storage GL_ARB_compute_shader GL_ARB_compute_variable_group_size GL_ARB_conditional_render_inverted GL_ARB_conservative_depth GL_ARB_copy_buffer GL_ARB_copy_image GL_ARB_cull_distance GL_ARB_debug_output
 GL_ARB_depth_buffer_float GL_ARB_depth_clamp GL_ARB_derivative_control GL_ARB_direct_state_access GL_ARB_draw_buffers GL_ARB_draw_buffers_blend GL_ARB_draw_elements_base_vertex GL_ARB_draw_indirect GL_ARB_draw_instanced GL_ARB_enhanced_layouts GL_ARB_explicit_attrib_location GL_ARB_explicit_uniform_location GL_ARB_fragment_coord_conventions GL_ARB_fragment_layer_viewport GL_ARB_fragment_shader GL_ARB_framebuffer_no_attachments GL_ARB_framebuffer_object GL_ARB_framebuffer_sRGB GL_ARB_get_program_binary GL_ARB_get_texture_sub_image GL_ARB_gpu_shader5 GL_ARB_gpu_shader_fp64 GL_ARB_gpu_shader_int64 GL_ARB_half_float_pixel GL_ARB_half_float_vertex GL_ARB_indirect_parameters GL_ARB_instanced_arrays GL_ARB_internalformat_query GL_ARB_internalformat_query2 GL_ARB_invalidate_subdata GL_ARB_map_buffer_alignment GL_ARB_map_buffer_range GL_ARB_multi_bind GL_ARB_multi_draw_indirect GL_ARB_occlusion_query2 GL_ARB_pipeline_statistics_query GL_ARB_pixel_buffer_object GL_ARB_point_sprite GL_ARB_polygon_offset_clamp GL_ARB_p
rogram_interface_query GL_ARB_provoking_vertex GL_ARB_query_buffer_object GL_ARB_robust_buffer_access_behavior GL_ARB_robustness GL_ARB_sample_shading GL_ARB_sampler_objects GL_ARB_seamless_cube_map GL_ARB_seamless_cubemap_per_texture GL_ARB_separate_shader_objects GL_ARB_shader_atomic_counter_ops GL_ARB_shader_atomic_counters GL_ARB_shader_ballot GL_ARB_shader_bit_encoding GL_ARB_shader_clock GL_ARB_shader_draw_parameters GL_ARB_shader_group_vote GL_ARB_shader_image_load_store GL_ARB_shader_image_size GL_ARB_shader_objects GL_ARB_shader_precision GL_ARB_shader_stencil_export GL_ARB_shader_storage_buffer_object GL_ARB_shader_subroutine GL_ARB_shader_texture_image_samples GL_ARB_shader_texture_lod GL_ARB_shader_viewport_layer_array GL_ARB_shading_language_420pack GL_ARB_shading_language_packing GL_ARB_sparse_buffer GL_ARB_stencil_texturing GL_ARB_sync GL_ARB_tessellation_shader GL_ARB_texture_barrier GL_ARB_texture_buffer_object GL_ARB_texture_buffer_object_rgb32 GL_ARB_texture_buffer_range GL_ARB_texture_com
pression_bptc GL_ARB_texture_compression_rgtc GL_ARB_texture_cube_map_array GL_ARB_texture_filter_anisotropic GL_ARB_texture_float GL_ARB_texture_gather GL_ARB_texture_mirror_clamp_to_edge GL_ARB_texture_multisample GL_ARB_texture_non_power_of_two GL_ARB_texture_query_levels GL_ARB_texture_query_lod GL_ARB_texture_rectangle GL_ARB_texture_rg GL_ARB_texture_rgb10_a2ui GL_ARB_texture_stencil8 GL_ARB_texture_storage GL_ARB_texture_storage_multisample GL_ARB_texture_swizzle GL_ARB_texture_view GL_ARB_timer_query GL_ARB_transform_feedback2 GL_ARB_transform_feedback3 GL_ARB_transform_feedback_instanced GL_ARB_transform_feedback_overflow_query GL_ARB_uniform_buffer_object GL_ARB_vertex_array_bgra GL_ARB_vertex_array_object GL_ARB_vertex_attrib_64bit GL_ARB_vertex_attrib_binding GL_ARB_vertex_buffer_object GL_ARB_vertex_shader GL_ARB_vertex_type_10f_11f_11f_rev GL_ARB_vertex_type_2_10_10_10_rev GL_ARB_viewport_array GL_ATI_blend_equation_separate GL_ATI_meminfo GL_ATI_texture_float GL_ATI_texture_mirror_once GL_EXT_
abgr GL_EXT_blend_equation_separate GL_EXT_depth_bounds_test GL_EXT_draw_buffers2 GL_EXT_draw_instanced GL_EXT_framebuffer_blit GL_EXT_framebuffer_multisample GL_EXT_framebuffer_multisample_blit_scaled GL_EXT_framebuffer_object GL_EXT_framebuffer_sRGB GL_EXT_memory_object GL_EXT_memory_object_fd GL_EXT_packed_depth_stencil GL_EXT_packed_float GL_EXT_pixel_buffer_object GL_EXT_polygon_offset_clamp GL_EXT_provoking_vertex GL_EXT_semaphore GL_EXT_semaphore_fd GL_EXT_shader_integer_mix GL_EXT_texture_array GL_EXT_texture_compression_dxt1 GL_EXT_texture_compression_rgtc GL_EXT_texture_compression_s3tc GL_EXT_texture_filter_anisotropic GL_EXT_texture_integer GL_EXT_texture_mirror_clamp GL_EXT_texture_sRGB GL_EXT_texture_sRGB_decode GL_EXT_texture_shared_exponent GL_EXT_texture_snorm GL_EXT_texture_swizzle GL_EXT_timer_query GL_EXT_transform_feedback GL_EXT_vertex_array_bgra GL_EXT_vertex_attrib_64bit GL_EXT_window_rectangles GL_IBM_multimode_draw_arrays GL_KHR_blend_equation_advanced GL_KHR_context_flush_control G
L_KHR_debug GL_KHR_no_error GL_KHR_robust_buffer_access_behavior GL_KHR_robustness GL_KHR_texture_compression_astc_ldr GL_KHR_texture_compression_astc_sliced_3d GL_MESA_pack_invert GL_MESA_shader_integer_functions GL_MESA_texture_signed_rgba GL_NVX_gpu_memory_info GL_NV_conditional_render GL_NV_depth_clamp GL_NV_packed_depth_stencil GL_NV_texture_barrier GL_NV_vdpau_interop GL_OES_EGL_image GL_S3_s3tc
OPENGL LOG: Creating OpenGL 4.5 graphics device ; Context level  <OpenGL 4.5> ; Context handle 1458662912
[EnlightenBakeManager] m_Clear = false;
WARNING: Shader Unsupported: 'AR/TangoARRender' - Pass '' has no vertex shader
WARNING: Shader Unsupported: 'AR/TangoARRender' - Setting to default shader.
Initialize mono
Mono path[0] = '/home/xenose/Unity/Hub/Editor/2018.3.6f1/Editor/Data/Managed'
Mono path[1] = '/home/xenose/Unity/Hub/Editor/2018.3.6f1/Editor/Data/MonoBleedingEdge/lib/mono/unityjit'
Mono config path = '/home/xenose/Unity/Hub/Editor/2018.3.6f1/Editor/Data/MonoBleedingEdge/etc'
Using monoOptions --debugger-agent=transport=dt_socket,embedding=1,server=y,suspend=n,address=0.0.0.0:56017
Begin MonoManager ReloadAssembly
Initializing Unity.PackageManager (PackageManager) v2018.3.6 for Unity v2018.3.6f1
Registering precompiled unity dll's ...
Trying to register platform support module: /home/xenose/Unity/Hub/Editor/2018.3.6f1/Editor/Data/PlaybackEngines/AndroidPlayer/UnityEditor.Android.Extensions.dll (that doesn't exist). Retrying without overrides.
Platform support module is not available: /home/xenose/Unity/Hub/Editor/2018.3.6f1/Editor/Data/PlaybackEngines/AndroidPlayer/UnityEditor.Android.Extensions.dll
Register platform support module: /home/xenose/Unity/Hub/Editor/2018.3.6f1/Editor/Data/PlaybackEngines/LinuxStandaloneSupport/UnityEditor.LinuxStandalone.Extensions.dll
Registered in 0.004704 seconds.
Registering platform support modules:
Registered platform support modules in: 0.2916269s.
Native extension for LinuxStandalone target not found
Refreshing native plugins compatible for Editor in 1.19 ms, found 1 plugins.
Preloading 1 native plugins for Editor in 32.86 ms.
Mono: successfully reloaded assembly
- Completed reload, in  4.188 seconds
Registering precompiled user dll's ...
Registered in 0.039333 seconds.
Platform modules already initialized, skipping
Begin MonoManager ReloadAssembly
Initializing Unity.PackageManager (PackageManager) v2018.3.6 for Unity v2018.3.6f1
Registering platform support modules:
Registered platform support modules in: 0.1690826s.
Native extension for LinuxStandalone target not found
Refreshing native plugins compatible for Editor in 1.42 ms, found 1 plugins.
Preloading 1 native plugins for Editor in 0.21 ms.
Mono: successfully reloaded assembly
- Completed reload, in  3.043 seconds
Platform modules already initialized, skipping
Validating Project structure ... 0.000275 seconds.
Refresh: detecting if any assets need to be imported or removed ...

Refresh Completed time: 0.022407s
	Asset Scan time: 0.021233s
	Asset Hashing: 0.000000s [0 B, 0.000000 mb/s]
	Asset Import (Scripting) time: 0.000000s (count: 0)
	Post Processs Assets (Scripting) time: 0.000000s
	Asset Rehashing: 0.000000s [0 B, 0.000000 mb/s]
	Asset Import (Non Scripting) time: 0.000000s (count: 0)
	Post Process Assets (Non Scripting) time: 0.000000s
	Dependent Assets to Import Queue time: 0.000000s

WARNING: Shader Unsupported: 'AR/TangoARRender' - Pass '' has no vertex shader
WARNING: Shader Unsupported: 'AR/TangoARRender' - Setting to default shader.
Warming cache for 526 main assets: 0.003177 seconds elapsed
Initializing Unity extensions:
 '/home/xenose/Unity/Hub/Editor/2018.3.6f1/Editor/Data/UnityExtensions/Unity/Timeline/Runtime/UnityEngine.Timeline.dll'  GUID: 6a10b2909283487f913b00d94cd3faf5
 '/home/xenose/Unity/Hub/Editor/2018.3.6f1/Editor/Data/UnityExtensions/Unity/TestRunner/portable/nunit.framework.dll'  GUID: 405b9b51bb344a128608d968297df79c
 '/home/xenose/Unity/Hub/Editor/2018.3.6f1/Editor/Data/UnityExtensions/Unity/GUISystem/Standalone/UnityEngine.UI.dll'  GUID: f70555f144d8491a825f0804e09c671c
 '/home/xenose/Unity/Hub/Editor/2018.3.6f1/Editor/Data/UnityExtensions/Unity/GUISystem/UnityEngine.UI.dll'  GUID: f5f67c52d1564df4a8936ccd202a3bd8
 '/home/xenose/Unity/Hub/Editor/2018.3.6f1/Editor/Data/UnityExtensions/Unity/Timeline/RuntimeEditor/UnityEngine.Timeline.dll'  GUID: 844f815391db42d49455cbf1a7bfc434
 '/home/xenose/Unity/Hub/Editor/2018.3.6f1/Editor/Data/UnityExtensions/Unity/Networking/Standalone/UnityEngine.Networking.dll'  GUID: dc443db3e92b4983b9738c1131f555cb
 '/home/xenose/Unity/Hub/Editor/2018.3.6f1/Editor/Data/UnityExtensions/Unity/UnitySpatialTracking/Runtime/UnityEngine.SpatialTracking.dll'  GUID: ed7343f30e3843b3afda8f8b02669cea
 '/home/xenose/Unity/Hub/Editor/2018.3.6f1/Editor/Data/UnityExtensions/Unity/UnityGoogleAudioSpatializer/Editor/UnityEditor.GoogleAudioSpatializer.dll'  GUID: 4a3ecb1425d14502837abea459cf2b70
 '/home/xenose/Unity/Hub/Editor/2018.3.6f1/Editor/Data/UnityExtensions/Unity/Networking/Editor/UnityEditor.Networking.dll'  GUID: 5f32cd94baa94578a686d4b9d6b660f7
 '/home/xenose/Unity/Hub/Editor/2018.3.6f1/Editor/Data/UnityExtensions/Unity/UnitySpatialTracking/Editor/UnityEditor.SpatialTracking.dll'  GUID: b5da970776034f77a070d99423d68791
 '/home/xenose/Unity/Hub/Editor/2018.3.6f1/Editor/Data/UnityExtensions/Unity/Networking/UnityEngine.Networking.dll'  GUID: 870353891bb340e2b2a9c8707e7419ba
 '/home/xenose/Unity/Hub/Editor/2018.3.6f1/Editor/Data/UnityExtensions/Unity/TestRunner/UnityEngine.TestRunner.dll'  GUID: 53ebcfaa2e1e4e2dbc85882cd5a73fa1
 '/home/xenose/Unity/Hub/Editor/2018.3.6f1/Editor/Data/UnityExtensions/Unity/UnityGoogleAudioSpatializer/RuntimeEditor/UnityEngine.GoogleAudioSpatializer.dll'  GUID: ead147da21254ff9a0a936bdd75e1680
 '/home/xenose/Unity/Hub/Editor/2018.3.6f1/Editor/Data/UnityExtensions/Unity/UnityGoogleAudioSpatializer/Runtime/UnityEngine.GoogleAudioSpatializer.dll'  GUID: e4f4cf1b9b434137a499903a7a1d651a
 '/home/xenose/Unity/Hub/Editor/2018.3.6f1/Editor/Data/UnityExtensions/Unity/UnityVR/Editor/UnityEditor.VR.dll'  GUID: 4ba2329b63d54f0187bcaa12486b1b0f
 '/home/xenose/Unity/Hub/Editor/2018.3.6f1/Editor/Data/UnityExtensions/Unity/UnitySpatialTracking/RuntimeEditor/UnityEngine.SpatialTracking.dll'  GUID: 3a84de5cd0624681b6b6dcd8921d912a
 '/home/xenose/Unity/Hub/Editor/2018.3.6f1/Editor/Data/UnityExtensions/Unity/GUISystem/Editor/UnityEditor.UI.dll'  GUID: 80a3616ca19596e4da0f10f14d241e9f
 '/home/xenose/Unity/Hub/Editor/2018.3.6f1/Editor/Data/UnityExtensions/Unity/TestRunner/Editor/UnityEditor.TestRunner.dll'  GUID: 4113173d5e95493ab8765d7b08371de4
 '/home/xenose/Unity/Hub/Editor/2018.3.6f1/Editor/Data/UnityExtensions/Unity/TestRunner/net35/unity-custom/nunit.framework.dll'  GUID: 4b3fa4bde7f1451a8218c03ee6a8ded8
 '/home/xenose/Unity/Hub/Editor/2018.3.6f1/Editor/Data/UnityExtensions/Unity/Timeline/Editor/UnityEditor.Timeline.dll'  GUID: 7668179ede524d6396c8b7d84461ea29
UpdateMenuTitleForLanguage: 10
Unloading 285 Unused Serialized files (Serialized files now loaded: 0)
System memory in use before: 107.7 MB.
System memory in use after: 106.5 MB.

Unloading 95 unused Assets to reduce memory usage. Loaded Objects now: 965.
Total: 10.394000 ms (FindLiveObjects: 0.786000 ms CreateObjectMapping: 0.050000 ms MarkObjects: 6.836000 ms  DeleteObjects: 2.720000 ms)

Refreshing native plugins compatible for Editor in 6.39 ms, found 1 plugins.

(Unity:1017): Gtk-CRITICAL **: 16:21:54.034: gtk_widget_get_scale_factor: assertion 'GTK_IS_WIDGET (widget)' failed

(Unity:1017): Gtk-CRITICAL **: 16:21:54.107: gtk_widget_get_scale_factor: assertion 'GTK_IS_WIDGET (widget)' failed

(Unity:1017): Gtk-CRITICAL **: 16:21:54.117: gtk_widget_get_scale_factor: assertion 'GTK_IS_WIDGET (widget)' failed

(Unity:1017): Gtk-CRITICAL **: 16:21:54.118: gtk_widget_get_scale_factor: assertion 'GTK_IS_WIDGET (widget)' failed

(Unity:1017): Gtk-CRITICAL **: 16:21:54.119: gtk_widget_get_scale_factor: assertion 'GTK_IS_WIDGET (widget)' failed

(Unity:1017): Gtk-CRITICAL **: 16:21:54.120: gtk_widget_get_scale_factor: assertion 'GTK_IS_WIDGET (widget)' failed
Unhandled description string =
Unhandled description string -
Unhandled description string TAB
Unhandled description string TAB
GLX Extensions: GLX_ARB_create_context GLX_ARB_create_context_profile GLX_ARB_create_context_robustness GLX_ARB_fbconfig_float GLX_ARB_framebuffer_sRGB GLX_ARB_get_proc_address GLX_ARB_multisample GLX_EXT_buffer_age GLX_EXT_create_context_es2_profile GLX_EXT_create_context_es_profile GLX_EXT_fbconfig_packed_float GLX_EXT_framebuffer_sRGB GLX_EXT_import_context GLX_EXT_texture_from_pixmap GLX_EXT_visual_info GLX_EXT_visual_rating GLX_INTEL_swap_event GLX_MESA_copy_sub_buffer GLX_MESA_query_renderer GLX_MESA_swap_control GLX_OML_swap_method GLX_OML_sync_control GLX_SGIS_multisample GLX_SGIX_fbconfig GLX_SGIX_pbuffer GLX_SGIX_visual_select_group GLX_SGI_make_current_read GLX_SGI_swap_control GLX_SGI_video_sync 
GLX Extensions: GLX_ARB_create_context GLX_ARB_create_context_profile GLX_ARB_create_context_robustness GLX_ARB_fbconfig_float GLX_ARB_framebuffer_sRGB GLX_ARB_get_proc_address GLX_ARB_multisample GLX_EXT_buffer_age GLX_EXT_create_context_es2_profile GLX_EXT_create_context_es_profile GLX_EXT_fbconfig_packed_float GLX_EXT_framebuffer_sRGB GLX_EXT_import_context GLX_EXT_texture_from_pixmap GLX_EXT_visual_info GLX_EXT_visual_rating GLX_INTEL_swap_event GLX_MESA_copy_sub_buffer GLX_MESA_query_renderer GLX_MESA_swap_control GLX_OML_swap_method GLX_OML_sync_control GLX_SGIS_multisample GLX_SGIX_fbconfig GLX_SGIX_pbuffer GLX_SGIX_visual_select_group GLX_SGI_make_current_read GLX_SGI_swap_control GLX_SGI_video_sync 
GLX Extensions: GLX_ARB_create_context GLX_ARB_create_context_profile GLX_ARB_create_context_robustness GLX_ARB_fbconfig_float GLX_ARB_framebuffer_sRGB GLX_ARB_get_proc_address GLX_ARB_multisample GLX_EXT_buffer_age GLX_EXT_create_context_es2_profile GLX_EXT_create_context_es_profile GLX_EXT_fbconfig_packed_float GLX_EXT_framebuffer_sRGB GLX_EXT_import_context GLX_EXT_texture_from_pixmap GLX_EXT_visual_info GLX_EXT_visual_rating GLX_INTEL_swap_event GLX_MESA_copy_sub_buffer GLX_MESA_query_renderer GLX_MESA_swap_control GLX_OML_swap_method GLX_OML_sync_control GLX_SGIS_multisample GLX_SGIX_fbconfig GLX_SGIX_pbuffer GLX_SGIX_visual_select_group GLX_SGI_make_current_read GLX_SGI_swap_control GLX_SGI_video_sync 
GLX Extensions: GLX_ARB_create_context GLX_ARB_create_context_profile GLX_ARB_create_context_robustness GLX_ARB_fbconfig_float GLX_ARB_framebuffer_sRGB GLX_ARB_get_proc_address GLX_ARB_multisample GLX_EXT_buffer_age GLX_EXT_create_context_es2_profile GLX_EXT_create_context_es_profile GLX_EXT_fbconfig_packed_float GLX_EXT_framebuffer_sRGB GLX_EXT_import_context GLX_EXT_texture_from_pixmap GLX_EXT_visual_info GLX_EXT_visual_rating GLX_INTEL_swap_event GLX_MESA_copy_sub_buffer GLX_MESA_query_renderer GLX_MESA_swap_control GLX_OML_swap_method GLX_OML_sync_control GLX_SGIS_multisample GLX_SGIX_fbconfig GLX_SGIX_pbuffer GLX_SGIX_visual_select_group GLX_SGI_make_current_read GLX_SGI_swap_control GLX_SGI_video_sync 
GLX Extensions: GLX_ARB_create_context GLX_ARB_create_context_profile GLX_ARB_create_context_robustness GLX_ARB_fbconfig_float GLX_ARB_framebuffer_sRGB GLX_ARB_get_proc_address GLX_ARB_multisample GLX_EXT_buffer_age GLX_EXT_create_context_es2_profile GLX_EXT_create_context_es_profile GLX_EXT_fbconfig_packed_float GLX_EXT_framebuffer_sRGB GLX_EXT_import_context GLX_EXT_texture_from_pixmap GLX_EXT_visual_info GLX_EXT_visual_rating GLX_INTEL_swap_event GLX_MESA_copy_sub_buffer GLX_MESA_query_renderer GLX_MESA_swap_control GLX_OML_swap_method GLX_OML_sync_control GLX_SGIS_multisample GLX_SGIX_fbconfig GLX_SGIX_pbuffer GLX_SGIX_visual_select_group GLX_SGI_make_current_read GLX_SGI_swap_control GLX_SGI_video_sync 
GLX Extensions: GLX_ARB_create_context GLX_ARB_create_context_profile GLX_ARB_create_context_robustness GLX_ARB_fbconfig_float GLX_ARB_framebuffer_sRGB GLX_ARB_get_proc_address GLX_ARB_multisample GLX_EXT_buffer_age GLX_EXT_create_context_es2_profile GLX_EXT_create_context_es_profile GLX_EXT_fbconfig_packed_float GLX_EXT_framebuffer_sRGB GLX_EXT_import_context GLX_EXT_texture_from_pixmap GLX_EXT_visual_info GLX_EXT_visual_rating GLX_INTEL_swap_event GLX_MESA_copy_sub_buffer GLX_MESA_query_renderer GLX_MESA_swap_control GLX_OML_swap_method GLX_OML_sync_control GLX_SGIS_multisample GLX_SGIX_fbconfig GLX_SGIX_pbuffer GLX_SGIX_visual_select_group GLX_SGI_make_current_read GLX_SGI_swap_control GLX_SGI_video_sync 
Hub Web Socket connection default:(null):reason:29
Hub Web Socket HTTP protocol init
Launched and connected shader compiler UnityShaderCompiler after 0.04 seconds
[0221/162155:ERROR:browser_main_loop.cc(161)] Running without the SUID sandbox! See https://code.google.com/p/chromium/wiki/LinuxSUIDSandboxDevelopment for more information on developing with the sandbox on.
Hub Web Socket filter pre-establish
Hub Web Socket connection established
Created GICache directory at /tmp/GiCache. Took: 0.007s, timestamps: [14.467 - 14.475]
Issue TrimJob to reduce GI Cache size to maximum 10GB at: '/tmp/GiCache'
TrimDiskCacheJob: Current cache size 0mb
Refresh: detecting if any assets need to be imported or removed ...

Refresh Completed time: 0.021048s
	Asset Scan time: 0.019661s
	Asset Hashing: 0.000000s [0 B, 0.000000 mb/s]
	Asset Import (Scripting) time: 0.000000s (count: 0)
	Post Processs Assets (Scripting) time: 0.000000s
	Asset Rehashing: 0.000000s [0 B, 0.000000 mb/s]
	Asset Import (Non Scripting) time: 0.000000s (count: 0)
	Post Process Assets (Non Scripting) time: 0.000000s
	Dependent Assets to Import Queue time: 0.000000s

[0221/162156:ERROR:sandbox_linux.cc(308)] InitializeSandbox() called with multiple threads in process gpu-process
UPID Received 'de125182-57dc-4f97-bb4c-041fd7a49378'.
Refresh: detecting if any assets need to be imported or removed ...

Refresh Completed time: 0.024147s
	Asset Scan time: 0.022820s
	Asset Hashing: 0.000000s [0 B, 0.000000 mb/s]
	Asset Import (Scripting) time: 0.000000s (count: 0)
	Post Processs Assets (Scripting) time: 0.000000s
	Asset Rehashing: 0.000000s [0 B, 0.000000 mb/s]
	Asset Import (Non Scripting) time: 0.000000s (count: 0)
	Post Process Assets (Non Scripting) time: 0.000000s
	Dependent Assets to Import Queue time: 0.000000s

Refresh: detecting if any assets need to be imported or removed ...

Refresh Completed time: 0.019916s
	Asset Scan time: 0.018846s
	Asset Hashing: 0.000000s [0 B, 0.000000 mb/s]
	Asset Import (Scripting) time: 0.000000s (count: 0)
	Post Processs Assets (Scripting) time: 0.000000s
	Asset Rehashing: 0.000000s [0 B, 0.000000 mb/s]
	Asset Import (Non Scripting) time: 0.000000s (count: 0)
	Post Process Assets (Non Scripting) time: 0.000000s
	Dependent Assets to Import Queue time: 0.000000s

Refresh: detecting if any assets need to be imported or removed ...

Refresh Completed time: 0.022563s
	Asset Scan time: 0.021436s
	Asset Hashing: 0.000000s [0 B, 0.000000 mb/s]
	Asset Import (Scripting) time: 0.000000s (count: 0)
	Post Processs Assets (Scripting) time: 0.000000s
	Asset Rehashing: 0.000000s [0 B, 0.000000 mb/s]
	Asset Import (Non Scripting) time: 0.000000s (count: 0)
	Post Process Assets (Non Scripting) time: 0.000000s
	Dependent Assets to Import Queue time: 0.000000s

Refresh: detecting if any assets need to be imported or removed ...

Refresh Completed time: 0.023099s
	Asset Scan time: 0.021682s
	Asset Hashing: 0.000000s [0 B, 0.000000 mb/s]
	Asset Import (Scripting) time: 0.000000s (count: 0)
	Post Processs Assets (Scripting) time: 0.000000s
	Asset Rehashing: 0.000000s [0 B, 0.000000 mb/s]
	Asset Import (Non Scripting) time: 0.000000s (count: 0)
	Post Process Assets (Non Scripting) time: 0.000000s
	Dependent Assets to Import Queue time: 0.000000s

Refresh: detecting if any assets need to be imported or removed ...

Refresh Completed time: 0.023011s
	Asset Scan time: 0.021882s
	Asset Hashing: 0.000000s [0 B, 0.000000 mb/s]
	Asset Import (Scripting) time: 0.000000s (count: 0)
	Post Processs Assets (Scripting) time: 0.000000s
	Asset Rehashing: 0.000000s [0 B, 0.000000 mb/s]
	Asset Import (Non Scripting) time: 0.000000s (count: 0)
	Post Process Assets (Non Scripting) time: 0.000000s
	Dependent Assets to Import Queue time: 0.000000s

Refresh: detecting if any assets need to be imported or removed ...

Refresh Completed time: 0.022448s
	Asset Scan time: 0.021014s
	Asset Hashing: 0.000000s [0 B, 0.000000 mb/s]
	Asset Import (Scripting) time: 0.000000s (count: 0)
	Post Processs Assets (Scripting) time: 0.000000s
	Asset Rehashing: 0.000000s [0 B, 0.000000 mb/s]
	Asset Import (Non Scripting) time: 0.000000s (count: 0)
	Post Process Assets (Non Scripting) time: 0.000000s
	Dependent Assets to Import Queue time: 0.000000s

Refresh: detecting if any assets need to be imported or removed ...

Refresh Completed time: 0.021014s
	Asset Scan time: 0.019936s
	Asset Hashing: 0.000000s [0 B, 0.000000 mb/s]
	Asset Import (Scripting) time: 0.000000s (count: 0)
	Post Processs Assets (Scripting) time: 0.000000s
	Asset Rehashing: 0.000000s [0 B, 0.000000 mb/s]
	Asset Import (Non Scripting) time: 0.000000s (count: 0)
	Post Process Assets (Non Scripting) time: 0.000000s
	Dependent Assets to Import Queue time: 0.000000s

[0221/162632:ERROR:browser_main_loop.cc(207)] Gtk: gtk_widget_get_scale_factor: assertion 'GTK_IS_WIDGET (widget)' failed
[0221/162632:ERROR:browser_main_loop.cc(207)] Gtk: gtk_widget_get_scale_factor: assertion 'GTK_IS_WIDGET (widget)' failed
GLX Extensions: GLX_ARB_create_context GLX_ARB_create_context_profile GLX_ARB_create_context_robustness GLX_ARB_fbconfig_float GLX_ARB_framebuffer_sRGB GLX_ARB_get_proc_address GLX_ARB_multisample GLX_EXT_buffer_age GLX_EXT_create_context_es2_profile GLX_EXT_create_context_es_profile GLX_EXT_fbconfig_packed_float GLX_EXT_framebuffer_sRGB GLX_EXT_import_context GLX_EXT_texture_from_pixmap GLX_EXT_visual_info GLX_EXT_visual_rating GLX_INTEL_swap_event GLX_MESA_copy_sub_buffer GLX_MESA_query_renderer GLX_MESA_swap_control GLX_OML_swap_method GLX_OML_sync_control GLX_SGIS_multisample GLX_SGIX_fbconfig GLX_SGIX_pbuffer GLX_SGIX_visual_select_group GLX_SGI_make_current_read GLX_SGI_swap_control GLX_SGI_video_sync 
Refresh: detecting if any assets need to be imported or removed ...

Refresh Completed time: 0.020839s
	Asset Scan time: 0.019767s
	Asset Hashing: 0.000000s [0 B, 0.000000 mb/s]
	Asset Import (Scripting) time: 0.000000s (count: 0)
	Post Processs Assets (Scripting) time: 0.000000s
	Asset Rehashing: 0.000000s [0 B, 0.000000 mb/s]
	Asset Import (Non Scripting) time: 0.000000s (count: 0)
	Post Process Assets (Non Scripting) time: 0.000000s
	Dependent Assets to Import Queue time: 0.000000s

Refresh: detecting if any assets need to be imported or removed ...

Refresh Completed time: 0.027824s
	Asset Scan time: 0.026352s
	Asset Hashing: 0.000000s [0 B, 0.000000 mb/s]
	Asset Import (Scripting) time: 0.000000s (count: 0)
	Post Processs Assets (Scripting) time: 0.000000s
	Asset Rehashing: 0.000000s [0 B, 0.000000 mb/s]
	Asset Import (Non Scripting) time: 0.000000s (count: 0)
	Post Process Assets (Non Scripting) time: 0.000000s
	Dependent Assets to Import Queue time: 0.000000s

Refresh: detecting if any assets need to be imported or removed ...

Refresh Completed time: 0.021109s
	Asset Scan time: 0.020037s
	Asset Hashing: 0.000000s [0 B, 0.000000 mb/s]
	Asset Import (Scripting) time: 0.000000s (count: 0)
	Post Processs Assets (Scripting) time: 0.000000s
	Asset Rehashing: 0.000000s [0 B, 0.000000 mb/s]
	Asset Import (Non Scripting) time: 0.000000s (count: 0)
	Post Process Assets (Non Scripting) time: 0.000000s
	Dependent Assets to Import Queue time: 0.000000s

UPID Received 'de125182-57dc-4f97-bb4c-041fd7a49378'.
Refresh: detecting if any assets need to be imported or removed ...

Refresh Completed time: 0.023174s
	Asset Scan time: 0.021969s
	Asset Hashing: 0.000000s [0 B, 0.000000 mb/s]
	Asset Import (Scripting) time: 0.000000s (count: 0)
	Post Processs Assets (Scripting) time: 0.000000s
	Asset Rehashing: 0.000000s [0 B, 0.000000 mb/s]
	Asset Import (Non Scripting) time: 0.000000s (count: 0)
	Post Process Assets (Non Scripting) time: 0.000000s
	Dependent Assets to Import Queue time: 0.000000s

Refresh: detecting if any assets need to be imported or removed ...

Refresh Completed time: 0.022109s
	Asset Scan time: 0.020851s
	Asset Hashing: 0.000000s [0 B, 0.000000 mb/s]
	Asset Import (Scripting) time: 0.000000s (count: 0)
	Post Processs Assets (Scripting) time: 0.000000s
	Asset Rehashing: 0.000000s [0 B, 0.000000 mb/s]
	Asset Import (Non Scripting) time: 0.000000s (count: 0)
	Post Process Assets (Non Scripting) time: 0.000000s
	Dependent Assets to Import Queue time: 0.000000s

Refresh: detecting if any assets need to be imported or removed ...

Refresh Completed time: 0.021498s
	Asset Scan time: 0.020426s
	Asset Hashing: 0.000000s [0 B, 0.000000 mb/s]
	Asset Import (Scripting) time: 0.000000s (count: 0)
	Post Processs Assets (Scripting) time: 0.000000s
	Asset Rehashing: 0.000000s [0 B, 0.000000 mb/s]
	Asset Import (Non Scripting) time: 0.000000s (count: 0)
	Post Process Assets (Non Scripting) time: 0.000000s
	Dependent Assets to Import Queue time: 0.000000s

Refresh: detecting if any assets need to be imported or removed ...

Refresh Completed time: 0.019791s
	Asset Scan time: 0.018763s
	Asset Hashing: 0.000000s [0 B, 0.000000 mb/s]
	Asset Import (Scripting) time: 0.000000s (count: 0)
	Post Processs Assets (Scripting) time: 0.000000s
	Asset Rehashing: 0.000000s [0 B, 0.000000 mb/s]
	Asset Import (Non Scripting) time: 0.000000s (count: 0)
	Post Process Assets (Non Scripting) time: 0.000000s
	Dependent Assets to Import Queue time: 0.000000s

Refresh: detecting if any assets need to be imported or removed ...

Refresh Completed time: 0.020528s
	Asset Scan time: 0.019415s
	Asset Hashing: 0.000000s [0 B, 0.000000 mb/s]
	Asset Import (Scripting) time: 0.000000s (count: 0)
	Post Processs Assets (Scripting) time: 0.000000s
	Asset Rehashing: 0.000000s [0 B, 0.000000 mb/s]
	Asset Import (Non Scripting) time: 0.000000s (count: 0)
	Post Process Assets (Non Scripting) time: 0.000000s
	Dependent Assets to Import Queue time: 0.000000s

Refresh: detecting if any assets need to be imported or removed ...

Refresh Completed time: 0.020177s
	Asset Scan time: 0.019065s
	Asset Hashing: 0.000000s [0 B, 0.000000 mb/s]
	Asset Import (Scripting) time: 0.000000s (count: 0)
	Post Processs Assets (Scripting) time: 0.000000s
	Asset Rehashing: 0.000000s [0 B, 0.000000 mb/s]
	Asset Import (Non Scripting) time: 0.000000s (count: 0)
	Post Process Assets (Non Scripting) time: 0.000000s
	Dependent Assets to Import Queue time: 0.000000s

Refresh: detecting if any assets need to be imported or removed ...

Refresh Completed time: 0.026316s
	Asset Scan time: 0.025229s
	Asset Hashing: 0.000000s [0 B, 0.000000 mb/s]
	Asset Import (Scripting) time: 0.000000s (count: 0)
	Post Processs Assets (Scripting) time: 0.000000s
	Asset Rehashing: 0.000000s [0 B, 0.000000 mb/s]
	Asset Import (Non Scripting) time: 0.000000s (count: 0)
	Post Process Assets (Non Scripting) time: 0.000000s
	Dependent Assets to Import Queue time: 0.000000s

[0221/163300:ERROR:browser_main_loop.cc(207)] Gtk: gtk_widget_get_scale_factor: assertion 'GTK_IS_WIDGET (widget)' failed
[0221/163300:ERROR:browser_main_loop.cc(207)] Gtk: gtk_widget_get_scale_factor: assertion 'GTK_IS_WIDGET (widget)' failed
GLX Extensions: GLX_ARB_create_context GLX_ARB_create_context_profile GLX_ARB_create_context_robustness GLX_ARB_fbconfig_float GLX_ARB_framebuffer_sRGB GLX_ARB_get_proc_address GLX_ARB_multisample GLX_EXT_buffer_age GLX_EXT_create_context_es2_profile GLX_EXT_create_context_es_profile GLX_EXT_fbconfig_packed_float GLX_EXT_framebuffer_sRGB GLX_EXT_import_context GLX_EXT_texture_from_pixmap GLX_EXT_visual_info GLX_EXT_visual_rating GLX_INTEL_swap_event GLX_MESA_copy_sub_buffer GLX_MESA_query_renderer GLX_MESA_swap_control GLX_OML_swap_method GLX_OML_sync_control GLX_SGIS_multisample GLX_SGIX_fbconfig GLX_SGIX_pbuffer GLX_SGIX_visual_select_group GLX_SGI_make_current_read GLX_SGI_swap_control GLX_SGI_video_sync 
Refresh: detecting if any assets need to be imported or removed ...

Refresh Completed time: 0.020552s
	Asset Scan time: 0.019493s
	Asset Hashing: 0.000000s [0 B, 0.000000 mb/s]
	Asset Import (Scripting) time: 0.000000s (count: 0)
	Post Processs Assets (Scripting) time: 0.000000s
	Asset Rehashing: 0.000000s [0 B, 0.000000 mb/s]
	Asset Import (Non Scripting) time: 0.000000s (count: 0)
	Post Process Assets (Non Scripting) time: 0.000000s
	Dependent Assets to Import Queue time: 0.000000s

[0221/163304:ERROR:browser_main_loop.cc(207)] Gtk: gtk_widget_get_scale_factor: assertion 'GTK_IS_WIDGET (widget)' failed
[0221/163304:ERROR:browser_main_loop.cc(207)] Gtk: gtk_widget_get_scale_factor: assertion 'GTK_IS_WIDGET (widget)' failed
[0221/163304:ERROR:browser_main_loop.cc(207)] Gtk: gtk_widget_get_scale_factor: assertion 'GTK_IS_WIDGET (widget)' failed
[0221/163304:ERROR:browser_main_loop.cc(207)] Gtk: gtk_widget_get_scale_factor: assertion 'GTK_IS_WIDGET (widget)' failed
GLX Extensions: GLX_ARB_create_context GLX_ARB_create_context_profile GLX_ARB_create_context_robustness GLX_ARB_fbconfig_float GLX_ARB_framebuffer_sRGB GLX_ARB_get_proc_address GLX_ARB_multisample GLX_EXT_buffer_age GLX_EXT_create_context_es2_profile GLX_EXT_create_context_es_profile GLX_EXT_fbconfig_packed_float GLX_EXT_framebuffer_sRGB GLX_EXT_import_context GLX_EXT_texture_from_pixmap GLX_EXT_visual_info GLX_EXT_visual_rating GLX_INTEL_swap_event GLX_MESA_copy_sub_buffer GLX_MESA_query_renderer GLX_MESA_swap_control GLX_OML_swap_method GLX_OML_sync_control GLX_SGIS_multisample GLX_SGIX_fbconfig GLX_SGIX_pbuffer GLX_SGIX_visual_select_group GLX_SGI_make_current_read GLX_SGI_swap_control GLX_SGI_video_sync 
Unhandled description string =
Unhandled description string -
Unhandled description string TAB
Unhandled description string TAB
Updating Assets/Scenes/world.unity - GUID: 0fe9de03b63cc31ba9a1ba9fc09b0be0...
----- Compute hash for Assets/Scenes/world.unity.
 done. [Time: 13.150000 ms] 
Script Compilation Pipeline Post Process Assets time: 0.000992s
Assembly Updater Post Process Assets time: 0.000074s
Refreshing native plugins compatible for Editor in 1.25 ms, found 1 plugins.
Preloading 1 native plugins for Editor in 0.20 ms.
Refresh: detecting if any assets need to be imported or removed ...

Refresh Completed time: 0.021835s
	Asset Scan time: 0.020625s
	Asset Hashing: 0.000000s [0 B, 0.000000 mb/s]
	Asset Import (Scripting) time: 0.000000s (count: 0)
	Post Processs Assets (Scripting) time: 0.000000s
	Asset Rehashing: 0.000000s [0 B, 0.000000 mb/s]
	Asset Import (Non Scripting) time: 0.000000s (count: 0)
	Post Process Assets (Non Scripting) time: 0.000000s
	Dependent Assets to Import Queue time: 0.000000s

Refresh: detecting if any assets need to be imported or removed ...

Refresh Completed time: 0.023147s
	Asset Scan time: 0.021883s
	Asset Hashing: 0.000000s [0 B, 0.000000 mb/s]
	Asset Import (Scripting) time: 0.000000s (count: 0)
	Post Processs Assets (Scripting) time: 0.000000s
	Asset Rehashing: 0.000000s [0 B, 0.000000 mb/s]
	Asset Import (Non Scripting) time: 0.000000s (count: 0)
	Post Process Assets (Non Scripting) time: 0.000000s
	Dependent Assets to Import Queue time: 0.000000s

Refresh: detecting if any assets need to be imported or removed ...

Refresh Completed time: 0.021177s
	Asset Scan time: 0.020051s
	Asset Hashing: 0.000000s [0 B, 0.000000 mb/s]
	Asset Import (Scripting) time: 0.000000s (count: 0)
	Post Processs Assets (Scripting) time: 0.000000s
	Asset Rehashing: 0.000000s [0 B, 0.000000 mb/s]
	Asset Import (Non Scripting) time: 0.000000s (count: 0)
	Post Process Assets (Non Scripting) time: 0.000000s
	Dependent Assets to Import Queue time: 0.000000s

Refresh: detecting if any assets need to be imported or removed ...

Refresh Completed time: 0.024799s
	Asset Scan time: 0.023602s
	Asset Hashing: 0.000000s [0 B, 0.000000 mb/s]
	Asset Import (Scripting) time: 0.000000s (count: 0)
	Post Processs Assets (Scripting) time: 0.000000s
	Asset Rehashing: 0.000000s [0 B, 0.000000 mb/s]
	Asset Import (Non Scripting) time: 0.000000s (count: 0)
	Post Process Assets (Non Scripting) time: 0.000000s
	Dependent Assets to Import Queue time: 0.000000s

Refresh: detecting if any assets need to be imported or removed ...

Refresh Completed time: 0.020271s
	Asset Scan time: 0.019118s
	Asset Hashing: 0.000000s [0 B, 0.000000 mb/s]
	Asset Import (Scripting) time: 0.000000s (count: 0)
	Post Processs Assets (Scripting) time: 0.000000s
	Asset Rehashing: 0.000000s [0 B, 0.000000 mb/s]
	Asset Import (Non Scripting) time: 0.000000s (count: 0)
	Post Process Assets (Non Scripting) time: 0.000000s
	Dependent Assets to Import Queue time: 0.000000s

Refresh: detecting if any assets need to be imported or removed ...

Refresh Completed time: 0.020273s
	Asset Scan time: 0.019189s
	Asset Hashing: 0.000000s [0 B, 0.000000 mb/s]
	Asset Import (Scripting) time: 0.000000s (count: 0)
	Post Processs Assets (Scripting) time: 0.000000s
	Asset Rehashing: 0.000000s [0 B, 0.000000 mb/s]
	Asset Import (Non Scripting) time: 0.000000s (count: 0)
	Post Process Assets (Non Scripting) time: 0.000000s
	Dependent Assets to Import Queue time: 0.000000s

Refresh: detecting if any assets need to be imported or removed ...

Refresh Completed time: 0.022957s
	Asset Scan time: 0.021719s
	Asset Hashing: 0.000000s [0 B, 0.000000 mb/s]
	Asset Import (Scripting) time: 0.000000s (count: 0)
	Post Processs Assets (Scripting) time: 0.000000s
	Asset Rehashing: 0.000000s [0 B, 0.000000 mb/s]
	Asset Import (Non Scripting) time: 0.000000s (count: 0)
	Post Process Assets (Non Scripting) time: 0.000000s
	Dependent Assets to Import Queue time: 0.000000s

Refresh: detecting if any assets need to be imported or removed ...

Refresh Completed time: 0.022575s
	Asset Scan time: 0.020554s
	Asset Hashing: 0.000000s [0 B, 0.000000 mb/s]
	Asset Import (Scripting) time: 0.000000s (count: 0)
	Post Processs Assets (Scripting) time: 0.000000s
	Asset Rehashing: 0.000000s [0 B, 0.000000 mb/s]
	Asset Import (Non Scripting) time: 0.000000s (count: 0)
	Post Process Assets (Non Scripting) time: 0.000000s
	Dependent Assets to Import Queue time: 0.000000s

Refresh: detecting if any assets need to be imported or removed ...

Refresh Completed time: 0.022259s
	Asset Scan time: 0.020893s
	Asset Hashing: 0.000000s [0 B, 0.000000 mb/s]
	Asset Import (Scripting) time: 0.000000s (count: 0)
	Post Processs Assets (Scripting) time: 0.000000s
	Asset Rehashing: 0.000000s [0 B, 0.000000 mb/s]
	Asset Import (Non Scripting) time: 0.000000s (count: 0)
	Post Process Assets (Non Scripting) time: 0.000000s
	Dependent Assets to Import Queue time: 0.000000s

Refresh: detecting if any assets need to be imported or removed ...

Refresh Completed time: 0.021216s
	Asset Scan time: 0.020064s
	Asset Hashing: 0.000000s [0 B, 0.000000 mb/s]
	Asset Import (Scripting) time: 0.000000s (count: 0)
	Post Processs Assets (Scripting) time: 0.000000s
	Asset Rehashing: 0.000000s [0 B, 0.000000 mb/s]
	Asset Import (Non Scripting) time: 0.000000s (count: 0)
	Post Process Assets (Non Scripting) time: 0.000000s
	Dependent Assets to Import Queue time: 0.000000s

Refresh: detecting if any assets need to be imported or removed ...

Refresh Completed time: 0.024523s
	Asset Scan time: 0.022966s
	Asset Hashing: 0.000000s [0 B, 0.000000 mb/s]
	Asset Import (Scripting) time: 0.000000s (count: 0)
	Post Processs Assets (Scripting) time: 0.000000s
	Asset Rehashing: 0.000000s [0 B, 0.000000 mb/s]
	Asset Import (Non Scripting) time: 0.000000s (count: 0)
	Post Process Assets (Non Scripting) time: 0.000000s
	Dependent Assets to Import Queue time: 0.000000s

Refresh: detecting if any assets need to be imported or removed ...

Refresh Completed time: 0.022698s
	Asset Scan time: 0.021538s
	Asset Hashing: 0.000000s [0 B, 0.000000 mb/s]
	Asset Import (Scripting) time: 0.000000s (count: 0)
	Post Processs Assets (Scripting) time: 0.000000s
	Asset Rehashing: 0.000000s [0 B, 0.000000 mb/s]
	Asset Import (Non Scripting) time: 0.000000s (count: 0)
	Post Process Assets (Non Scripting) time: 0.000000s
	Dependent Assets to Import Queue time: 0.000000s

Refresh: detecting if any assets need to be imported or removed ...

Refresh Completed time: 0.024415s
	Asset Scan time: 0.022364s
	Asset Hashing: 0.000000s [0 B, 0.000000 mb/s]
	Asset Import (Scripting) time: 0.000000s (count: 0)
	Post Processs Assets (Scripting) time: 0.000000s
	Asset Rehashing: 0.000000s [0 B, 0.000000 mb/s]
	Asset Import (Non Scripting) time: 0.000000s (count: 0)
	Post Process Assets (Non Scripting) time: 0.000000s
	Dependent Assets to Import Queue time: 0.000000s

Refresh: detecting if any assets need to be imported or removed ...

Refresh Completed time: 0.022780s
	Asset Scan time: 0.021460s
	Asset Hashing: 0.000000s [0 B, 0.000000 mb/s]
	Asset Import (Scripting) time: 0.000000s (count: 0)
	Post Processs Assets (Scripting) time: 0.000000s
	Asset Rehashing: 0.000000s [0 B, 0.000000 mb/s]
	Asset Import (Non Scripting) time: 0.000000s (count: 0)
	Post Process Assets (Non Scripting) time: 0.000000s
	Dependent Assets to Import Queue time: 0.000000s

Refresh: detecting if any assets need to be imported or removed ...

Refresh Completed time: 0.024273s
	Asset Scan time: 0.022977s
	Asset Hashing: 0.000000s [0 B, 0.000000 mb/s]
	Asset Import (Scripting) time: 0.000000s (count: 0)
	Post Processs Assets (Scripting) time: 0.000000s
	Asset Rehashing: 0.000000s [0 B, 0.000000 mb/s]
	Asset Import (Non Scripting) time: 0.000000s (count: 0)
	Post Process Assets (Non Scripting) time: 0.000000s
	Dependent Assets to Import Queue time: 0.000000s

Refresh: detecting if any assets need to be imported or removed ...

Refresh Completed time: 0.021996s
	Asset Scan time: 0.020849s
	Asset Hashing: 0.000000s [0 B, 0.000000 mb/s]
	Asset Import (Scripting) time: 0.000000s (count: 0)
	Post Processs Assets (Scripting) time: 0.000000s
	Asset Rehashing: 0.000000s [0 B, 0.000000 mb/s]
	Asset Import (Non Scripting) time: 0.000000s (count: 0)
	Post Process Assets (Non Scripting) time: 0.000000s
	Dependent Assets to Import Queue time: 0.000000s

Refresh: detecting if any assets need to be imported or removed ...

Refresh Completed time: 0.021579s
	Asset Scan time: 0.020338s
	Asset Hashing: 0.000000s [0 B, 0.000000 mb/s]
	Asset Import (Scripting) time: 0.000000s (count: 0)
	Post Processs Assets (Scripting) time: 0.000000s
	Asset Rehashing: 0.000000s [0 B, 0.000000 mb/s]
	Asset Import (Non Scripting) time: 0.000000s (count: 0)
	Post Process Assets (Non Scripting) time: 0.000000s
	Dependent Assets to Import Queue time: 0.000000s

Refresh: detecting if any assets need to be imported or removed ...

Refresh Completed time: 0.021691s
	Asset Scan time: 0.020489s
	Asset Hashing: 0.000000s [0 B, 0.000000 mb/s]
	Asset Import (Scripting) time: 0.000000s (count: 0)
	Post Processs Assets (Scripting) time: 0.000000s
	Asset Rehashing: 0.000000s [0 B, 0.000000 mb/s]
	Asset Import (Non Scripting) time: 0.000000s (count: 0)
	Post Process Assets (Non Scripting) time: 0.000000s
	Dependent Assets to Import Queue time: 0.000000s

Refresh: detecting if any assets need to be imported or removed ...

Refresh Completed time: 0.022982s
	Asset Scan time: 0.021396s
	Asset Hashing: 0.000000s [0 B, 0.000000 mb/s]
	Asset Import (Scripting) time: 0.000000s (count: 0)
	Post Processs Assets (Scripting) time: 0.000000s
	Asset Rehashing: 0.000000s [0 B, 0.000000 mb/s]
	Asset Import (Non Scripting) time: 0.000000s (count: 0)
	Post Process Assets (Non Scripting) time: 0.000000s
	Dependent Assets to Import Queue time: 0.000000s

Refresh: detecting if any assets need to be imported or removed ...

Refresh Completed time: 0.022216s
	Asset Scan time: 0.020899s
	Asset Hashing: 0.000000s [0 B, 0.000000 mb/s]
	Asset Import (Scripting) time: 0.000000s (count: 0)
	Post Processs Assets (Scripting) time: 0.000000s
	Asset Rehashing: 0.000000s [0 B, 0.000000 mb/s]
	Asset Import (Non Scripting) time: 0.000000s (count: 0)
	Post Process Assets (Non Scripting) time: 0.000000s
	Dependent Assets to Import Queue time: 0.000000s

Refresh: detecting if any assets need to be imported or removed ...

Refresh Completed time: 0.022084s
	Asset Scan time: 0.020868s
	Asset Hashing: 0.000000s [0 B, 0.000000 mb/s]
	Asset Import (Scripting) time: 0.000000s (count: 0)
	Post Processs Assets (Scripting) time: 0.000000s
	Asset Rehashing: 0.000000s [0 B, 0.000000 mb/s]
	Asset Import (Non Scripting) time: 0.000000s (count: 0)
	Post Process Assets (Non Scripting) time: 0.000000s
	Dependent Assets to Import Queue time: 0.000000s

Refresh: detecting if any assets need to be imported or removed ...

Refresh Completed time: 0.024844s
	Asset Scan time: 0.023310s
	Asset Hashing: 0.000000s [0 B, 0.000000 mb/s]
	Asset Import (Scripting) time: 0.000000s (count: 0)
	Post Processs Assets (Scripting) time: 0.000000s
	Asset Rehashing: 0.000000s [0 B, 0.000000 mb/s]
	Asset Import (Non Scripting) time: 0.000000s (count: 0)
	Post Process Assets (Non Scripting) time: 0.000000s
	Dependent Assets to Import Queue time: 0.000000s

Refresh: detecting if any assets need to be imported or removed ...

Refresh Completed time: 0.023405s
	Asset Scan time: 0.022236s
	Asset Hashing: 0.000000s [0 B, 0.000000 mb/s]
	Asset Import (Scripting) time: 0.000000s (count: 0)
	Post Processs Assets (Scripting) time: 0.000000s
	Asset Rehashing: 0.000000s [0 B, 0.000000 mb/s]
	Asset Import (Non Scripting) time: 0.000000s (count: 0)
	Post Process Assets (Non Scripting) time: 0.000000s
	Dependent Assets to Import Queue time: 0.000000s

[Performance] CurlRequestCheck                        :        2 samples, Peak.  27.4 ms (1.5x), Avg.  17.8 ms, Total. 35.54 ms (0.0%)
[Performance] PackageManager::RunRequestSynchronously :        8 samples, Peak.  34.9 ms (5.8x), Avg.  6.04 ms, Total. 48.29 ms (0.0%)
[Performance] ApplicationTickTimer                    :    63508 samples, Peak.  1.06 s (1036.4x), Avg.  1.02 ms, Total. 64.89 s (2.5%)
[Performance] License.Tick                            :    31866 samples, Peak.   163 us (100.7x), Avg.  1.62 us, Total. 51.51 ms (0.0%)
[Performance] MonoCompiler.Tick                       :    12694 samples, Peak.  12.3 ms (675.2x), Avg.  18.2 us, Total. 231.0 ms (0.0%)
[Performance] Internal_SwitchSkin                     :    63508 samples, Peak.  26.9 us (220.3x), Avg.   122 ns, Total. 7.765 ms (0.0%)
[Performance] UnityConnect.Tick                       :    27214 samples, Peak.   200 ms (16256.0x), Avg.  12.3 us, Total. 335.6 ms (0.0%)
[Performance] HubClient.CheckCurlRequests             :        3 samples, Peak.  70.1 us (2.6x), Avg.  26.7 us, Total. 80.11 us (0.0%)
[Performance] UnityConnect.PollInfo                   :      510 samples, Peak.   123 us (3.2x), Avg.  38.2 us, Total. 19.48 ms (0.0%)
[Performance] Collab.Tick                             :    27214 samples, Peak.  1.84 ms (367.8x), Avg.  4.99 us, Total. 135.9 ms (0.0%)
[Performance] WebView.Tick                            :    31866 samples, Peak.  60.5 ms (191.8x), Avg.   315 us, Total. 10.05 s (0.4%)
[Performance] CurlRequest.Tick                        :    25323 samples, Peak.   147 ms (13342.6x), Avg.  11.0 us, Total. 278.7 ms (0.0%)
[Performance] WebSocketClient.Tick                    :    25318 samples, Peak.   688 us (38.3x), Avg.  18.0 us, Total. 454.5 ms (0.0%)
[Performance] SceneBackgroundTask.Tick                :    13033 samples, Peak.  40.1 us (49.3x), Avg.   813 ns, Total. 10.60 ms (0.0%)
[Performance] Scheduler.Tick                          :    37618 samples, Peak.  5.76 ms (127.9x), Avg.  45.1 us, Total. 1.696 s (0.1%)
[Performance] PlayerUpdates.Tick                      :    27208 samples, Peak.   768 us (14.6x), Avg.  52.6 us, Total. 1.431 s (0.1%)
[Performance] GlobalCallbacks                         :    63508 samples, Peak.  3.50 ms (164.2x), Avg.  21.3 us, Total. 1.353 s (0.1%)
[Performance] EditorAnalytics.Tick                    :     8606 samples, Peak.  2.55 ms (440.3x), Avg.  5.80 us, Total. 49.92 ms (0.0%)
[Performance] InactiveGI.Tick                         :     7793 samples, Peak.  3.46 ms (58.0x), Avg.  59.6 us, Total. 464.8 ms (0.0%)
[Performance] Video.Update                            :    63508 samples, Peak.   143 us (66.2x), Avg.  2.16 us, Total. 137.0 ms (0.0%)
[Performance] UnitySynchronization.ExecuteTasks       :    27208 samples, Peak.   440 us (31.7x), Avg.  13.9 us, Total. 377.6 ms (0.0%)
[Performance] PreloadManager                          :    63508 samples, Peak.   732 us (77.6x), Avg.  9.44 us, Total. 599.3 ms (0.0%)
[Performance] SceneTracker                            :    63508 samples, Peak.  89.4 ms (233.0x), Avg.   384 us, Total. 24.36 s (0.9%)
[Performance] PackageImporter.Tick                    :    12689 samples, Peak.  81.8 us (99.9x), Avg.   818 ns, Total. 10.38 ms (0.0%)
[Performance] InspectorBackground.Tick                :    13029 samples, Peak.  79.2 us (65.8x), Avg.  1.20 us, Total. 15.66 ms (0.0%)
[Performance] ConsoleLog.Tick                         :    12691 samples, Peak.   382 us (42.8x), Avg.  8.92 us, Total. 113.2 ms (0.0%)
[Performance] ChangeLayoutIfNeeded                    :    63508 samples, Peak.   561 us (1594.5x), Avg.   352 ns, Total. 22.34 ms (0.0%)
[Performance] AsyncReadManager.ForceCloseFiles        :     2544 samples, Peak.   122 us (34.6x), Avg.  3.52 us, Total. 8.964 ms (0.0%)
[Performance] RepaintAll                              :    23357 samples, Peak.   755 ms (13513.1x), Avg.  55.9 us, Total. 1.306 s (0.0%)
[Performance] SceneHierarchyWindow.OnGUI              :      804 samples, Peak.  67.0 ms (103.3x), Avg.   648 us, Total. 520.9 ms (0.0%)
[Performance] InspectorWindow.OnGUI                   :     1048 samples, Peak.   283 ms (97.9x), Avg.  2.89 ms, Total. 3.027 s (0.1%)
[Performance] SceneView.OnGUI                         :     2872 samples, Peak.   118 ms (45.7x), Avg.  2.59 ms, Total. 7.430 s (0.3%)
[Performance] ProjectBrowser.OnGUI                    :      672 samples, Peak.   195 ms (120.6x), Avg.  1.62 ms, Total. 1.088 s (0.0%)
[Performance] VCProvider                              :    63505 samples, Peak.   292 us (129.3x), Avg.  2.26 us, Total. 143.4 ms (0.0%)
[Performance] RepaintAllProfilerWindows               :      429 samples, Peak.  1.24 ms (160.9x), Avg.  7.68 us, Total. 3.296 ms (0.0%)
[Performance] GI.Tick                                 :     3884 samples, Peak.   245 us (4.0x), Avg.  61.6 us, Total. 239.4 ms (0.0%)
[Performance] HierarchyWindow.Tick                    :     1373 samples, Peak.  2.96 ms (618.9x), Avg.  4.78 us, Total. 6.564 ms (0.0%)
[Performance] Inspector.Tick                          :     1373 samples, Peak.  11.5 ms (22.9x), Avg.   504 us, Total. 692.1 ms (0.0%)
[Performance] Tooltip.Tick                            :     3881 samples, Peak.  27.5 ms (456.7x), Avg.  60.2 us, Total. 233.8 ms (0.0%)
[Performance] RequestRepaintForPanels                 :    40151 samples, Peak.   720 us (86.7x), Avg.  8.31 us, Total. 333.5 ms (0.0%)
[Performance] UpdateSceneIfNeeded                     :    40151 samples, Peak.   639 ms (1640.5x), Avg.   389 us, Total. 15.64 s (0.6%)
[Performance] UpdateVideoTextures                     :    40151 samples, Peak.  2.38 ms (3410.3x), Avg.   697 ns, Total. 27.97 ms (0.0%)
Refresh: detecting if any assets need to be imported or removed ...

Refresh Completed time: 0.020870s
	Asset Scan time: 0.019833s
	Asset Hashing: 0.000000s [0 B, 0.000000 mb/s]
	Asset Import (Scripting) time: 0.000000s (count: 0)
	Post Processs Assets (Scripting) time: 0.000000s
	Asset Rehashing: 0.000000s [0 B, 0.000000 mb/s]
	Asset Import (Non Scripting) time: 0.000000s (count: 0)
	Post Process Assets (Non Scripting) time: 0.000000s
	Dependent Assets to Import Queue time: 0.000000s

Refresh: detecting if any assets need to be imported or removed ...

Refresh Completed time: 0.020719s
	Asset Scan time: 0.019673s
	Asset Hashing: 0.000000s [0 B, 0.000000 mb/s]
	Asset Import (Scripting) time: 0.000000s (count: 0)
	Post Processs Assets (Scripting) time: 0.000000s
	Asset Rehashing: 0.000000s [0 B, 0.000000 mb/s]
	Asset Import (Non Scripting) time: 0.000000s (count: 0)
	Post Process Assets (Non Scripting) time: 0.000000s
	Dependent Assets to Import Queue time: 0.000000s

[Package Manager] Server::Kill -- Server was shutdown
Cleanup mono
debugger-agent: Unable to listen on 72
/home/builduser/buildslave/unity/build/Editor/Platform/Linux/UsbDevices.cpp:UsbDevicesQuery
